<?xml version="1.0" encoding="UTF-8"?>
<!-- Generated by org.testng.reporters.JUnitXMLReporter -->
<testsuite ignored="0" hostname="DESKTOP-Q6QKMPN" failures="0" tests="3" name="Default test" time="23.732" errors="0" timestamp="2025-06-08T22:20:32 IST">
  <testcase classname="TestNG.Jenkins.CICD_File_Selenium_TEST" name="print" time="0.022"/>
  <testcase classname="TestNG.Jenkins.CICD_File_Selenium_TEST" name="setup" time="18.514"/>
  <testcase classname="TestNG.Jenkins.CICD_File_Selenium_TEST" name="test" time="5.009"/>
</testsuite> <!-- Default test -->
