<?xml version="1.0" encoding="UTF-8"?>
<testng-results ignored="0" total="3" passed="3" failed="0" skipped="0">
  <reporter-output>
  </reporter-output>
  <suite started-at="2025-06-09T00:09:26 IST" name="Suite" finished-at="2025-06-09T00:09:48 IST" duration-ms="21703">
    <groups>
    </groups>
    <test started-at="2025-06-09T00:09:26 IST" name="Test" finished-at="2025-06-09T00:09:48 IST" duration-ms="21703">
      <class name="TestNG.Jenkins.CICD_File_Selenium_TEST">
        <test-method signature="print()[pri:0, instance:TestNG.Jenkins.CICD_File_Selenium_TEST@2ef3eef9]" started-at="2025-06-09T00:09:27 IST" name="print" finished-at="2025-06-09T00:09:27 IST" duration-ms="12" status="PASS">
          <reporter-output>
          </reporter-output>
        </test-method> <!-- print -->
        <test-method signature="setup()[pri:0, instance:TestNG.Jenkins.CICD_File_Selenium_TEST@2ef3eef9]" started-at="2025-06-09T00:09:27 IST" name="setup" finished-at="2025-06-09T00:09:43 IST" duration-ms="16592" status="PASS">
          <reporter-output>
          </reporter-output>
        </test-method> <!-- setup -->
        <test-method signature="test()[pri:0, instance:TestNG.Jenkins.CICD_File_Selenium_TEST@2ef3eef9]" started-at="2025-06-09T00:09:43 IST" name="test" finished-at="2025-06-09T00:09:48 IST" duration-ms="5014" status="PASS">
          <reporter-output>
          </reporter-output>
        </test-method> <!-- test -->
      </class> <!-- TestNG.Jenkins.CICD_File_Selenium_TEST -->
    </test> <!-- Test -->
  </suite> <!-- Suite -->
</testng-results>
