<?xml version="1.0" encoding="UTF-8"?>
<testng-results ignored="0" total="3" passed="3" failed="0" skipped="0">
  <reporter-output>
  </reporter-output>
  <suite started-at="2025-06-08T22:20:08 IST" name="Default suite" finished-at="2025-06-08T22:20:32 IST" duration-ms="23732">
    <groups>
    </groups>
    <test started-at="2025-06-08T22:20:08 IST" name="Default test" finished-at="2025-06-08T22:20:32 IST" duration-ms="23732">
      <class name="TestNG.Jenkins.CICD_File_Selenium_TEST">
        <test-method signature="print()[pri:0, instance:TestNG.Jenkins.CICD_File_Selenium_TEST@35d019a3]" started-at="2025-06-08T22:20:08 IST" name="print" finished-at="2025-06-08T22:20:08 IST" duration-ms="22" status="PASS">
          <reporter-output>
          </reporter-output>
        </test-method> <!-- print -->
        <test-method signature="setup()[pri:0, instance:TestNG.Jenkins.CICD_File_Selenium_TEST@35d019a3]" started-at="2025-06-08T22:20:08 IST" name="setup" finished-at="2025-06-08T22:20:27 IST" duration-ms="18514" status="PASS">
          <reporter-output>
          </reporter-output>
        </test-method> <!-- setup -->
        <test-method signature="test()[pri:0, instance:TestNG.Jenkins.CICD_File_Selenium_TEST@35d019a3]" started-at="2025-06-08T22:20:27 IST" name="test" finished-at="2025-06-08T22:20:32 IST" duration-ms="5009" status="PASS">
          <reporter-output>
          </reporter-output>
        </test-method> <!-- test -->
      </class> <!-- TestNG.Jenkins.CICD_File_Selenium_TEST -->
    </test> <!-- Default test -->
  </suite> <!-- Default suite -->
</testng-results>
